Build started 18/1/2563 19:39:12.
     1>Project "C:\Users\RaVeN\Documents\Visual Studio 2010\Projects\Assignment3_01_6106021622098\Assignment3_01_6106021622098\Assignment3_01_6106021622098.vcxproj" on node 2 (build target(s)).
     1>InitializeBuildStatus:
         Creating "Debug\Assignment3_01_6106021622098.unsuccessfulbuild" because "AlwaysCreate" was specified.
       ClCompile:
         c:\Program Files (x86)\Microsoft Visual Studio 10.0\VC\bin\CL.exe /c /ZI /nologo /W3 /WX- /Od /Oy- /D WIN32 /D _DEBUG /D _CONSOLE /D _UNICODE /D UNICODE /Gm /EHsc /RTC1 /MDd /GS /fp:precise /Zc:wchar_t /Zc:forScope /Fo"Debug\\" /Fd"Debug\vc100.pdb" /Gd /TP /analyze- /errorReport:prompt Assignment3_01_6106021622098.cpp
         Assignment3_01_6106021622098.cpp
     1>c:\users\raven\documents\visual studio 2010\projects\assignment3_01_6106021622098\assignment3_01_6106021622098\assignment3_01_6106021622098.cpp(139): warning C4996: 'sprintf': This function or variable may be unsafe. Consider using sprintf_s instead. To disable deprecation, use _CRT_SECURE_NO_WARNINGS. See online help for details.
                 c:\program files (x86)\microsoft visual studio 10.0\vc\include\stdio.h(371) : see declaration of 'sprintf'
     1>c:\users\raven\documents\visual studio 2010\projects\assignment3_01_6106021622098\assignment3_01_6106021622098\assignment3_01_6106021622098.cpp(146): warning C4996: 'sprintf': This function or variable may be unsafe. Consider using sprintf_s instead. To disable deprecation, use _CRT_SECURE_NO_WARNINGS. See online help for details.
                 c:\program files (x86)\microsoft visual studio 10.0\vc\include\stdio.h(371) : see declaration of 'sprintf'
       ManifestResourceCompile:
         All outputs are up-to-date.
       Link:
         c:\Program Files (x86)\Microsoft Visual Studio 10.0\VC\bin\link.exe /ERRORREPORT:PROMPT /OUT:"C:\Users\RaVeN\Documents\Visual Studio 2010\Projects\Assignment3_01_6106021622098\Debug\Assignment3_01_6106021622098.exe" /INCREMENTAL /NOLOGO kernel32.lib user32.lib gdi32.lib winspool.lib comdlg32.lib advapi32.lib shell32.lib ole32.lib oleaut32.lib uuid.lib odbc32.lib odbccp32.lib /MANIFEST /ManifestFile:"Debug\Assignment3_01_6106021622098.exe.intermediate.manifest" /MANIFESTUAC:"level='asInvoker' uiAccess='false'" /DEBUG /PDB:"C:\Users\RaVeN\Documents\Visual Studio 2010\Projects\Assignment3_01_6106021622098\Debug\Assignment3_01_6106021622098.pdb" /SUBSYSTEM:CONSOLE /TLBID:1 /DYNAMICBASE /NXCOMPAT /IMPLIB:"C:\Users\RaVeN\Documents\Visual Studio 2010\Projects\Assignment3_01_6106021622098\Debug\Assignment3_01_6106021622098.lib" /MACHINE:X86 Debug\Assignment3_01_6106021622098.exe.embed.manifest.res
         Debug\Assignment3_01_6106021622098.obj
       Manifest:
         c:\Program Files (x86)\Microsoft SDKs\Windows\v7.0A\bin\mt.exe /nologo /verbose /out:"Debug\Assignment3_01_6106021622098.exe.embed.manifest" /manifest Debug\Assignment3_01_6106021622098.exe.intermediate.manifest
         All outputs are up-to-date.
       LinkEmbedManifest:
         All outputs are up-to-date.
         Assignment3_01_6106021622098.vcxproj -> C:\Users\RaVeN\Documents\Visual Studio 2010\Projects\Assignment3_01_6106021622098\Debug\Assignment3_01_6106021622098.exe
       FinalizeBuildStatus:
         Deleting file "Debug\Assignment3_01_6106021622098.unsuccessfulbuild".
         Touching "Debug\Assignment3_01_6106021622098.lastbuildstate".
     1>Done Building Project "C:\Users\RaVeN\Documents\Visual Studio 2010\Projects\Assignment3_01_6106021622098\Assignment3_01_6106021622098\Assignment3_01_6106021622098.vcxproj" (build target(s)).

Build succeeded.

Time Elapsed 00:00:01.08
