Build started 31/12/2562 23:18:58.
     1>Project "C:\Users\RaVeN\Documents\Visual Studio 2010\Projects\Assignment2_6106021622098\Assignment2_6106021622098\Assignment2_6106021622098.vcxproj" on node 2 (build target(s)).
     1>InitializeBuildStatus:
         Creating "Debug\Assignment2_6106021622098.unsuccessfulbuild" because "AlwaysCreate" was specified.
       ClCompile:
         c:\Program Files (x86)\Microsoft Visual Studio 10.0\VC\bin\CL.exe /c /ZI /nologo /W3 /WX- /Od /Oy- /D WIN32 /D _DEBUG /D _CONSOLE /D _UNICODE /D UNICODE /Gm /EHsc /RTC1 /MDd /GS /fp:precise /Zc:wchar_t /Zc:forScope /Fo"Debug\\" /Fd"Debug\vc100.pdb" /Gd /TP /analyze- /errorReport:prompt Assignment2_6106021622098.cpp
         Assignment2_6106021622098.cpp
     1>c:\users\raven\documents\visual studio 2010\projects\assignment2_6106021622098\assignment2_6106021622098\assignment2_6106021622098.cpp(4): warning C4067: unexpected tokens following preprocessor directive - expected a newline
       ManifestResourceCompile:
         All outputs are up-to-date.
       Link:
         c:\Program Files (x86)\Microsoft Visual Studio 10.0\VC\bin\link.exe /ERRORREPORT:PROMPT /OUT:"C:\Users\RaVeN\Documents\Visual Studio 2010\Projects\Assignment2_6106021622098\Debug\Assignment2_6106021622098.exe" /INCREMENTAL /NOLOGO kernel32.lib user32.lib gdi32.lib winspool.lib comdlg32.lib advapi32.lib shell32.lib ole32.lib oleaut32.lib uuid.lib odbc32.lib odbccp32.lib /MANIFEST /ManifestFile:"Debug\Assignment2_6106021622098.exe.intermediate.manifest" /MANIFESTUAC:"level='asInvoker' uiAccess='false'" /DEBUG /PDB:"C:\Users\RaVeN\Documents\Visual Studio 2010\Projects\Assignment2_6106021622098\Debug\Assignment2_6106021622098.pdb" /SUBSYSTEM:CONSOLE /TLBID:1 /DYNAMICBASE /NXCOMPAT /IMPLIB:"C:\Users\RaVeN\Documents\Visual Studio 2010\Projects\Assignment2_6106021622098\Debug\Assignment2_6106021622098.lib" /MACHINE:X86 Debug\Assignment2_6106021622098.exe.embed.manifest.res
         Debug\Assignment2_6106021622098.obj
       Manifest:
         c:\Program Files (x86)\Microsoft SDKs\Windows\v7.0A\bin\mt.exe /nologo /verbose /out:"Debug\Assignment2_6106021622098.exe.embed.manifest" /manifest Debug\Assignment2_6106021622098.exe.intermediate.manifest
         All outputs are up-to-date.
       LinkEmbedManifest:
         All outputs are up-to-date.
         Assignment2_6106021622098.vcxproj -> C:\Users\RaVeN\Documents\Visual Studio 2010\Projects\Assignment2_6106021622098\Debug\Assignment2_6106021622098.exe
       FinalizeBuildStatus:
         Deleting file "Debug\Assignment2_6106021622098.unsuccessfulbuild".
         Touching "Debug\Assignment2_6106021622098.lastbuildstate".
     1>Done Building Project "C:\Users\RaVeN\Documents\Visual Studio 2010\Projects\Assignment2_6106021622098\Assignment2_6106021622098\Assignment2_6106021622098.vcxproj" (build target(s)).

Build succeeded.

Time Elapsed 00:00:01.47
